<?xml version="1.0" encoding="UTF-8" ?>
<testsuite tests="1" failures="0" name="com.ak.dao.TestOrderDao" time="0.001" errors="1" skipped="0">
  <properties>
[...]
</properties>
  <testcase classname="com.ak.dao.TestOrderDao" name="initializationError" time="0.001">
    <error message="Could not load CacheAwareContextLoaderDelegate [class org.springframework.test.context.cache.DefaultCacheAwareContextLoaderDelegate]" type="java.lang.IllegalStateException">java.lang.IllegalStateException: Could not load CacheAwareContextLoaderDelegate [class org.springframework.test.context.cache.DefaultCacheAwareContextLoaderDelegate]
	at org.springframework.test.context.BootstrapUtils.createCacheAwareContextLoaderDelegate(BootstrapUtils.java:101)
	at org.springframework.test.context.BootstrapUtils.createBootstrapContext(BootstrapUtils.java:70)
	at org.springframework.test.context.TestContextManager.&lt;init&gt;(TestContextManager.java:105)
	at org.springframework.test.context.junit4.SpringJUnit4ClassRunner.createTestContextManager(SpringJUnit4ClassRunner.java:152)
	at org.springframework.test.context.junit4.SpringJUnit4ClassRunner.&lt;init&gt;(SpringJUnit4ClassRunner.java:143)
	at org.springframework.test.context.junit4.SpringRunner.&lt;init&gt;(SpringRunner.java:49)
	at sun.reflect.NativeConstructorAccessorImpl.newInstance0(Native Method)
	at sun.reflect.NativeConstructorAccessorImpl.newInstance(Unknown Source)
	at sun.reflect.DelegatingConstructorAccessorImpl.newInstance(Unknown Source)
	at java.lang.reflect.Constructor.newInstance(Unknown Source)
	at org.junit.internal.builders.AnnotatedBuilder.buildRunner(AnnotatedBuilder.java:104)
	at org.junit.internal.builders.AnnotatedBuilder.runnerForClass(AnnotatedBuilder.java:86)
	at org.junit.runners.model.RunnerBuilder.safeRunnerForClass(RunnerBuilder.java:59)
	at org.junit.internal.builders.AllDefaultPossibilitiesBuilder.runnerForClass(AllDefaultPossibilitiesBuilder.java:26)
	at org.junit.runners.model.RunnerBuilder.safeRunnerForClass(RunnerBuilder.java:59)
	at org.junit.internal.requests.ClassRequest.getRunner(ClassRequest.java:33)
	at org.apache.maven.surefire.junit4.JUnit4Provider.execute(JUnit4Provider.java:250)
	at org.apache.maven.surefire.junit4.JUnit4Provider.executeTestSet(JUnit4Provider.java:141)
	at org.apache.maven.surefire.junit4.JUnit4Provider.invoke(JUnit4Provider.java:112)
	at sun.reflect.NativeMethodAccessorImpl.invoke0(Native Method)
	at sun.reflect.NativeMethodAccessorImpl.invoke(Unknown Source)
	at sun.reflect.DelegatingMethodAccessorImpl.invoke(Unknown Source)
	at java.lang.reflect.Method.invoke(Unknown Source)
	at org.apache.maven.surefire.util.ReflectionUtils.invokeMethodWithArray(ReflectionUtils.java:189)
	at org.apache.maven.surefire.booter.ProviderFactory$ProviderProxy.invoke(ProviderFactory.java:165)
	at org.apache.maven.surefire.booter.ProviderFactory.invokeProvider(ProviderFactory.java:85)
	at org.apache.maven.surefire.booter.ForkedBooter.runSuitesInProcess(ForkedBooter.java:115)
	at org.apache.maven.surefire.booter.ForkedBooter.main(ForkedBooter.java:75)
Caused by: org.springframework.beans.BeanInstantiationException: Failed to instantiate [org.springframework.test.context.cache.DefaultCacheAwareContextLoaderDelegate]: Unresolvable class definition; nested exception is java.lang.NoClassDefFoundError: org/springframework/core/KotlinDetector
	at org.springframework.beans.BeanUtils.instantiateClass(BeanUtils.java:149)
	at org.springframework.beans.BeanUtils.instantiateClass(BeanUtils.java:169)
	at org.springframework.test.context.BootstrapUtils.createCacheAwareContextLoaderDelegate(BootstrapUtils.java:98)
	... 27 more
Caused by: java.lang.NoClassDefFoundError: org/springframework/core/KotlinDetector
	at org.springframework.beans.BeanUtils.instantiateClass(BeanUtils.java:188)
	at org.springframework.beans.BeanUtils.instantiateClass(BeanUtils.java:139)
	... 29 more
</error>
  </testcase>
</testsuite>